Arguments: 
  /Users/msolomon/.nvm/versions/node/v8.11.0/bin/node /usr/local/Cellar/yarn/1.3.2/libexec/bin/yarn.js cache clean

PATH: 
  /Users/msolomon/.nvm/versions/node/v8.11.0/bin:/Users/msolomon/phantomjs-2.1.1-macosx/bin:/usr/local/git/bin:/sw/bin/:/usr/local/bin:/usr/local/:/usr/local/sbin:/usr/local/mysql/bin:/Users/msolomon/bin:/Users/msolomon/Library/Python/2.7/bin:/usr/local/bin:/usr/bin:/bin:/usr/sbin:/sbin:/usr/local/sbin:/Library/Frameworks/Mono.framework/Versions/Current/Commands:/Applications/Wireshark.app/Contents/MacOS:/Users/msolomon/phantomjs-2.1.1-macosx/bin:/usr/local/git/bin:/sw/bin/:/usr/local/:/usr/local/mysql/bin:/Users/msolomon/bin:/Users/msolomon/Library/Python/2.7/bin:/Users/msolomon/Library/Android/sdk/tools:/Users/msolomon/Library/Android/sdk/platform-tools:/usr/local/bin/:/Users/msolomon/Library/Android/sdk/tools:/Users/msolomon/Library/Android/sdk/platform-tools:/usr/local/bin/

Yarn version: 
  1.3.2

Node version: 
  8.11.0

Platform: 
  darwin x64

npm manifest: 
  {
    "name": "portfolio",
    "version": "1.0.0",
    "description": "",
    "main": "index.js",
    "directories": {
      "doc": "docs"
    },
    "scripts": {
      "test": "echo \"Error: no test specified\" && exit 1",
      "resume": "node ./js/resume-converter.js"
    },
    "author": "",
    "license": "ISC",
    "dependencies": {
      "baffle": "^0.3.5",
      "critical": "^0.8.0"
    },
    "devDependencies": {
      "browser-sync": "^2.7.12",
      "del": "^2.0.2",
      "gulp": "^3.9.0",
      "gulp-autoprefixer": "^3.1.0",
      "gulp-cache": "^0.4.1",
      "gulp-imagemin": "^3.0.3",
      "gulp-sass": "^2.0.1",
      "gulp-sourcemaps": "^1.5.2",
      "gulp-uglify": "^1.5.4",
      "gulp-useref": "^3.0.4",
      "markdown-pdf": "^7.0.0",
      "pump": "^1.0.1",
      "run-sequence": "^1.1.2"
    }
  }

yarn manifest: 
  No manifest

Lockfile: 
  No lockfile

Trace: 
  Error: EACCES: permission denied, unlink '/Users/msolomon/Library/Caches/Yarn/npm-@types/react-15.0.32-a1d5291cc930a578435d9f17db77414ad4ce0f8c/.yarn-tarball.tgz'
